[0mGET /article/21 [36m304 [0m7.226 ms - -[0m
[0mGET /stylesheets/public.css [36m304 [0m0.448 ms - -[0m
[0mGET /stylesheets/content.css [36m304 [0m1.080 ms - -[0m
[0mGET /javascripts/content.js [36m304 [0m1.094 ms - -[0m
[0mGET /getClasses [36m304 [0m5.016 ms - -[0m
[0mGET /getBooks [36m304 [0m5.357 ms - -[0m
[0mGET /getArticles [36m304 [0m3.050 ms - -[0m
[0mGET /getArticleMD/21 [36m304 [0m4.047 ms - -[0m
[0mGET /getArticleHeaders/21 [36m304 [0m1.547 ms - -[0m
[0mGET / [36m304 [0m1.976 ms - -[0m
[0mGET /stylesheets/public.css [36m304 [0m1.205 ms - -[0m
[0mGET /stylesheets/index.css [36m304 [0m1.139 ms - -[0m
[0mGET /javascripts/index.js [36m304 [0m1.021 ms - -[0m
[0mGET /getClasses [36m304 [0m1.404 ms - -[0m
[0mGET /getBooks [36m304 [0m1.640 ms - -[0m
[0mGET /getArticles [36m304 [0m1.190 ms - -[0m
[0mGET /article/32 [36m304 [0m1.400 ms - -[0m
[0mGET /stylesheets/public.css [36m304 [0m0.423 ms - -[0m
[0mGET /stylesheets/content.css [36m304 [0m0.352 ms - -[0m
[0mGET /javascripts/content.js [36m304 [0m0.329 ms - -[0m
[0mGET /getClasses [36m304 [0m1.456 ms - -[0m
[0mGET /getBooks [36m304 [0m1.345 ms - -[0m
[0mGET /getArticles [36m304 [0m2.085 ms - -[0m
[0mGET /getArticleMD/32 [36m304 [0m2.100 ms - -[0m
[0mGET /getArticleHeaders/32 [36m304 [0m0.972 ms - -[0m
